2019-10-31 12:12:11 INFO  Wunderlist:17 - get_all_info
2019-10-31 12:12:14 INFO  Wunderlist:64 - check_content_type
2019-10-31 12:12:14 INFO  Wunderlist:66 - Content Type =text/html; charset=utf-8
2019-10-31 12:12:14 INFO  Wunderlist:27 - check_response
2019-10-31 12:12:14 INFO  Wunderlist:29 - Response =<!DOCTYPE html>
<html>
<head>
  <title>The page you were looking for doesn't exist (404)</title>
  <style>
  body {
    background-color: #EFEFEF;
    color: #2E2F30;
    text-align: center;
    font-family: arial, sans-serif;
  }

  div.dialog {
    width: 25em;
    margin: 4em auto 0 auto;
    border: 1px solid #CCC;
    border-right-color: #999;
    border-left-color: #999;
    border-bottom-color: #BBB;
    border-top: #B00100 solid 4px;
    border-top-left-radius: 9px;
    border-top-right-radius: 9px;
    background-color: white;
    padding: 7px 4em 0 4em;
  }

  h1 {
    font-size: 100%;
    color: #730E15;
    line-height: 1.5em;
  }

  body > p {
    width: 33em;
    margin: 0 auto 1em;
    padding: 1em 0;
    background-color: #F7F7F7;
    border: 1px solid #CCC;
    border-right-color: #999;
    border-bottom-color: #999;
    border-bottom-left-radius: 4px;
    border-bottom-right-radius: 4px;
    border-top-color: #DADADA;
    color: #666;
    box-shadow:0 3px 8px rgba(50, 50, 50, 0.17);
  }
  </style>
</head>

<body>
  <!-- This file lives in public/404.html -->
  <div class="dialog">
    <h1>The page you were looking for doesn't exist.</h1>
    <p>You may have mistyped the address or the page may have moved.</p>
  </div>
  <p>If you are the application owner check the logs for more information.</p>
</body>
</html>

2019-10-31 12:12:14 INFO  Wunderlist:45 - check_responsetime
2019-10-31 12:12:14 INFO  Wunderlist:47 - Response Time =2239
2019-10-31 12:12:14 INFO  Wunderlist:36 - check_statuscode
2019-10-31 12:12:14 INFO  Wunderlist:38 - Status Code =404
2019-10-31 12:12:14 INFO  Wunderlist:55 - check_statusline
2019-10-31 12:12:14 INFO  Wunderlist:57 - Status Line =HTTP/1.1 404 Not Found
2019-10-31 12:12:14 INFO  Wunderlist:72 - stop_all_info
2019-10-31 12:19:14 INFO  Wunderlist:17 - get_all_info
2019-10-31 12:19:14 INFO  Wunderlist:64 - check_content_type
2019-10-31 12:19:14 INFO  Wunderlist:27 - check_response
2019-10-31 12:19:14 INFO  Wunderlist:45 - check_responsetime
2019-10-31 12:19:14 INFO  Wunderlist:36 - check_statuscode
2019-10-31 12:19:14 INFO  Wunderlist:55 - check_statusline
2019-10-31 12:19:14 INFO  Wunderlist:72 - stop_all_info
2019-10-31 12:31:57 INFO  Wunderlist:17 - get_all_info
2019-10-31 12:31:58 INFO  Wunderlist:64 - check_content_type
2019-10-31 12:31:58 INFO  Wunderlist:45 - check_responsetime
2019-10-31 12:31:58 INFO  Wunderlist:36 - check_statuscode
2019-10-31 12:31:58 INFO  Wunderlist:55 - check_statusline
2019-10-31 12:31:58 INFO  Wunderlist:27 - check_response
2019-10-31 12:31:58 INFO  Wunderlist:72 - stop_all_info
2019-10-31 12:32:44 INFO  Wunderlist:17 - get_all_info
2019-10-31 12:32:47 INFO  Wunderlist:64 - check_content_type
2019-10-31 12:32:47 INFO  Wunderlist:66 - Content Type =text/html; charset=utf-8
2019-10-31 12:32:47 INFO  Wunderlist:45 - check_responsetime
2019-10-31 12:32:47 INFO  Wunderlist:47 - Response Time =1709
2019-10-31 12:32:47 INFO  Wunderlist:36 - check_statuscode
2019-10-31 12:32:47 INFO  Wunderlist:38 - Status Code =404
2019-10-31 12:32:47 INFO  Wunderlist:55 - check_statusline
2019-10-31 12:32:47 INFO  Wunderlist:57 - Status Line =HTTP/1.1 404 Not Found
2019-10-31 12:32:47 INFO  Wunderlist:27 - check_response
2019-10-31 12:32:47 INFO  Wunderlist:29 - Response =<!DOCTYPE html>
<html>
<head>
  <title>The page you were looking for doesn't exist (404)</title>
  <style>
  body {
    background-color: #EFEFEF;
    color: #2E2F30;
    text-align: center;
    font-family: arial, sans-serif;
  }

  div.dialog {
    width: 25em;
    margin: 4em auto 0 auto;
    border: 1px solid #CCC;
    border-right-color: #999;
    border-left-color: #999;
    border-bottom-color: #BBB;
    border-top: #B00100 solid 4px;
    border-top-left-radius: 9px;
    border-top-right-radius: 9px;
    background-color: white;
    padding: 7px 4em 0 4em;
  }

  h1 {
    font-size: 100%;
    color: #730E15;
    line-height: 1.5em;
  }

  body > p {
    width: 33em;
    margin: 0 auto 1em;
    padding: 1em 0;
    background-color: #F7F7F7;
    border: 1px solid #CCC;
    border-right-color: #999;
    border-bottom-color: #999;
    border-bottom-left-radius: 4px;
    border-bottom-right-radius: 4px;
    border-top-color: #DADADA;
    color: #666;
    box-shadow:0 3px 8px rgba(50, 50, 50, 0.17);
  }
  </style>
</head>

<body>
  <!-- This file lives in public/404.html -->
  <div class="dialog">
    <h1>The page you were looking for doesn't exist.</h1>
    <p>You may have mistyped the address or the page may have moved.</p>
  </div>
  <p>If you are the application owner check the logs for more information.</p>
</body>
</html>

2019-10-31 12:32:47 INFO  Wunderlist:72 - stop_all_info
2019-10-31 12:39:35 INFO  Wunderlist:17 - get_all_info
2019-10-31 12:39:37 INFO  Wunderlist:64 - check_content_type
2019-10-31 12:39:37 INFO  Wunderlist:66 - Content Type =text/html; charset=utf-8
2019-10-31 12:39:37 INFO  Wunderlist:45 - check_responsetime
2019-10-31 12:39:37 INFO  Wunderlist:47 - Response Time =1742
2019-10-31 12:39:37 INFO  Wunderlist:36 - check_statuscode
2019-10-31 12:39:37 INFO  Wunderlist:38 - Status Code =404
2019-10-31 12:39:37 INFO  Wunderlist:55 - check_statusline
2019-10-31 12:39:37 INFO  Wunderlist:57 - Status Line =HTTP/1.1 404 Not Found
2019-10-31 12:39:37 INFO  Wunderlist:27 - check_response
2019-10-31 12:39:37 INFO  Wunderlist:29 - Response =<!DOCTYPE html>
<html>
<head>
  <title>The page you were looking for doesn't exist (404)</title>
  <style>
  body {
    background-color: #EFEFEF;
    color: #2E2F30;
    text-align: center;
    font-family: arial, sans-serif;
  }

  div.dialog {
    width: 25em;
    margin: 4em auto 0 auto;
    border: 1px solid #CCC;
    border-right-color: #999;
    border-left-color: #999;
    border-bottom-color: #BBB;
    border-top: #B00100 solid 4px;
    border-top-left-radius: 9px;
    border-top-right-radius: 9px;
    background-color: white;
    padding: 7px 4em 0 4em;
  }

  h1 {
    font-size: 100%;
    color: #730E15;
    line-height: 1.5em;
  }

  body > p {
    width: 33em;
    margin: 0 auto 1em;
    padding: 1em 0;
    background-color: #F7F7F7;
    border: 1px solid #CCC;
    border-right-color: #999;
    border-bottom-color: #999;
    border-bottom-left-radius: 4px;
    border-bottom-right-radius: 4px;
    border-top-color: #DADADA;
    color: #666;
    box-shadow:0 3px 8px rgba(50, 50, 50, 0.17);
  }
  </style>
</head>

<body>
  <!-- This file lives in public/404.html -->
  <div class="dialog">
    <h1>The page you were looking for doesn't exist.</h1>
    <p>You may have mistyped the address or the page may have moved.</p>
  </div>
  <p>If you are the application owner check the logs for more information.</p>
</body>
</html>

2019-10-31 12:39:37 INFO  Wunderlist:72 - stop_all_info
2019-10-31 12:40:09 INFO  Wunderlist:17 - get_all_info
2019-10-31 12:40:12 INFO  Wunderlist:64 - check_content_type
2019-10-31 12:40:12 INFO  Wunderlist:66 - Content Type =text/html; charset=utf-8
2019-10-31 12:40:12 INFO  Wunderlist:45 - check_responsetime
2019-10-31 12:40:12 INFO  Wunderlist:47 - Response Time =2141
2019-10-31 12:40:12 INFO  Wunderlist:36 - check_statuscode
2019-10-31 12:40:12 INFO  Wunderlist:38 - Status Code =404
2019-10-31 12:40:12 INFO  Wunderlist:55 - check_statusline
2019-10-31 12:40:12 INFO  Wunderlist:57 - Status Line =HTTP/1.1 404 Not Found
2019-10-31 12:40:12 INFO  Wunderlist:27 - check_response
2019-10-31 12:40:12 INFO  Wunderlist:29 - Response =<!DOCTYPE html>
<html>
<head>
  <title>The page you were looking for doesn't exist (404)</title>
  <style>
  body {
    background-color: #EFEFEF;
    color: #2E2F30;
    text-align: center;
    font-family: arial, sans-serif;
  }

  div.dialog {
    width: 25em;
    margin: 4em auto 0 auto;
    border: 1px solid #CCC;
    border-right-color: #999;
    border-left-color: #999;
    border-bottom-color: #BBB;
    border-top: #B00100 solid 4px;
    border-top-left-radius: 9px;
    border-top-right-radius: 9px;
    background-color: white;
    padding: 7px 4em 0 4em;
  }

  h1 {
    font-size: 100%;
    color: #730E15;
    line-height: 1.5em;
  }

  body > p {
    width: 33em;
    margin: 0 auto 1em;
    padding: 1em 0;
    background-color: #F7F7F7;
    border: 1px solid #CCC;
    border-right-color: #999;
    border-bottom-color: #999;
    border-bottom-left-radius: 4px;
    border-bottom-right-radius: 4px;
    border-top-color: #DADADA;
    color: #666;
    box-shadow:0 3px 8px rgba(50, 50, 50, 0.17);
  }
  </style>
</head>

<body>
  <!-- This file lives in public/404.html -->
  <div class="dialog">
    <h1>The page you were looking for doesn't exist.</h1>
    <p>You may have mistyped the address or the page may have moved.</p>
  </div>
  <p>If you are the application owner check the logs for more information.</p>
</body>
</html>

2019-10-31 12:40:12 INFO  Wunderlist:72 - stop_all_info
2019-10-31 12:41:03 INFO  Wunderlist:17 - get_all_info
2019-10-31 12:41:06 INFO  Wunderlist:64 - check_content_type
2019-10-31 12:41:06 INFO  Wunderlist:66 - Content Type =text/html; charset=utf-8
2019-10-31 12:41:06 INFO  Wunderlist:45 - check_responsetime
2019-10-31 12:41:06 INFO  Wunderlist:47 - Response Time =1874
2019-10-31 12:41:06 INFO  Wunderlist:36 - check_statuscode
2019-10-31 12:41:06 INFO  Wunderlist:38 - Status Code =404
2019-10-31 12:41:06 INFO  Wunderlist:55 - check_statusline
2019-10-31 12:41:06 INFO  Wunderlist:57 - Status Line =HTTP/1.1 404 Not Found
2019-10-31 12:41:06 INFO  Wunderlist:27 - check_response
2019-10-31 12:41:06 INFO  Wunderlist:29 - Response =<!DOCTYPE html>
<html>
<head>
  <title>The page you were looking for doesn't exist (404)</title>
  <style>
  body {
    background-color: #EFEFEF;
    color: #2E2F30;
    text-align: center;
    font-family: arial, sans-serif;
  }

  div.dialog {
    width: 25em;
    margin: 4em auto 0 auto;
    border: 1px solid #CCC;
    border-right-color: #999;
    border-left-color: #999;
    border-bottom-color: #BBB;
    border-top: #B00100 solid 4px;
    border-top-left-radius: 9px;
    border-top-right-radius: 9px;
    background-color: white;
    padding: 7px 4em 0 4em;
  }

  h1 {
    font-size: 100%;
    color: #730E15;
    line-height: 1.5em;
  }

  body > p {
    width: 33em;
    margin: 0 auto 1em;
    padding: 1em 0;
    background-color: #F7F7F7;
    border: 1px solid #CCC;
    border-right-color: #999;
    border-bottom-color: #999;
    border-bottom-left-radius: 4px;
    border-bottom-right-radius: 4px;
    border-top-color: #DADADA;
    color: #666;
    box-shadow:0 3px 8px rgba(50, 50, 50, 0.17);
  }
  </style>
</head>

<body>
  <!-- This file lives in public/404.html -->
  <div class="dialog">
    <h1>The page you were looking for doesn't exist.</h1>
    <p>You may have mistyped the address or the page may have moved.</p>
  </div>
  <p>If you are the application owner check the logs for more information.</p>
</body>
</html>

2019-10-31 12:41:06 INFO  Wunderlist:72 - stop_all_info
2019-10-31 12:47:25 INFO  Wunderlist:17 - get_all_info
2019-10-31 12:47:28 INFO  Wunderlist:64 - check_content_type
2019-10-31 12:47:28 INFO  Wunderlist:66 - Content Type =text/html; charset=utf-8
2019-10-31 12:47:28 INFO  Wunderlist:45 - check_responsetime
2019-10-31 12:47:28 INFO  Wunderlist:47 - Response Time =1874
2019-10-31 12:47:28 INFO  Wunderlist:36 - check_statuscode
2019-10-31 12:47:28 INFO  Wunderlist:38 - Status Code =404
2019-10-31 12:47:28 INFO  Wunderlist:55 - check_statusline
2019-10-31 12:47:28 INFO  Wunderlist:57 - Status Line =HTTP/1.1 404 Not Found
2019-10-31 12:47:28 INFO  Wunderlist:27 - check_response
2019-10-31 12:47:28 INFO  Wunderlist:29 - Response =<!DOCTYPE html>
<html>
<head>
  <title>The page you were looking for doesn't exist (404)</title>
  <style>
  body {
    background-color: #EFEFEF;
    color: #2E2F30;
    text-align: center;
    font-family: arial, sans-serif;
  }

  div.dialog {
    width: 25em;
    margin: 4em auto 0 auto;
    border: 1px solid #CCC;
    border-right-color: #999;
    border-left-color: #999;
    border-bottom-color: #BBB;
    border-top: #B00100 solid 4px;
    border-top-left-radius: 9px;
    border-top-right-radius: 9px;
    background-color: white;
    padding: 7px 4em 0 4em;
  }

  h1 {
    font-size: 100%;
    color: #730E15;
    line-height: 1.5em;
  }

  body > p {
    width: 33em;
    margin: 0 auto 1em;
    padding: 1em 0;
    background-color: #F7F7F7;
    border: 1px solid #CCC;
    border-right-color: #999;
    border-bottom-color: #999;
    border-bottom-left-radius: 4px;
    border-bottom-right-radius: 4px;
    border-top-color: #DADADA;
    color: #666;
    box-shadow:0 3px 8px rgba(50, 50, 50, 0.17);
  }
  </style>
</head>

<body>
  <!-- This file lives in public/404.html -->
  <div class="dialog">
    <h1>The page you were looking for doesn't exist.</h1>
    <p>You may have mistyped the address or the page may have moved.</p>
  </div>
  <p>If you are the application owner check the logs for more information.</p>
</body>
</html>

2019-10-31 12:47:28 INFO  Wunderlist:72 - stop_all_info
2019-10-31 12:48:08 INFO  Wunderlist:17 - get_all_info
2019-10-31 12:48:10 INFO  Wunderlist:64 - check_content_type
2019-10-31 12:48:10 INFO  Wunderlist:66 - Content Type =text/html; charset=utf-8
2019-10-31 12:48:10 INFO  Wunderlist:45 - check_responsetime
2019-10-31 12:48:10 INFO  Wunderlist:47 - Response Time =1894
2019-10-31 12:48:10 INFO  Wunderlist:36 - check_statuscode
2019-10-31 12:48:10 INFO  Wunderlist:38 - Status Code =404
2019-10-31 12:48:10 INFO  Wunderlist:55 - check_statusline
2019-10-31 12:48:10 INFO  Wunderlist:57 - Status Line =HTTP/1.1 404 Not Found
2019-10-31 12:48:10 INFO  Wunderlist:27 - check_response
2019-10-31 12:48:10 INFO  Wunderlist:29 - Response =<!DOCTYPE html>
<html>
<head>
  <title>The page you were looking for doesn't exist (404)</title>
  <style>
  body {
    background-color: #EFEFEF;
    color: #2E2F30;
    text-align: center;
    font-family: arial, sans-serif;
  }

  div.dialog {
    width: 25em;
    margin: 4em auto 0 auto;
    border: 1px solid #CCC;
    border-right-color: #999;
    border-left-color: #999;
    border-bottom-color: #BBB;
    border-top: #B00100 solid 4px;
    border-top-left-radius: 9px;
    border-top-right-radius: 9px;
    background-color: white;
    padding: 7px 4em 0 4em;
  }

  h1 {
    font-size: 100%;
    color: #730E15;
    line-height: 1.5em;
  }

  body > p {
    width: 33em;
    margin: 0 auto 1em;
    padding: 1em 0;
    background-color: #F7F7F7;
    border: 1px solid #CCC;
    border-right-color: #999;
    border-bottom-color: #999;
    border-bottom-left-radius: 4px;
    border-bottom-right-radius: 4px;
    border-top-color: #DADADA;
    color: #666;
    box-shadow:0 3px 8px rgba(50, 50, 50, 0.17);
  }
  </style>
</head>

<body>
  <!-- This file lives in public/404.html -->
  <div class="dialog">
    <h1>The page you were looking for doesn't exist.</h1>
    <p>You may have mistyped the address or the page may have moved.</p>
  </div>
  <p>If you are the application owner check the logs for more information.</p>
</body>
</html>

2019-10-31 12:48:10 INFO  Wunderlist:72 - stop_all_info
2019-10-31 12:51:31 INFO  Wunderlist:17 - get_all_info
2019-10-31 12:51:33 INFO  Wunderlist:64 - check_content_type
2019-10-31 12:51:33 INFO  Wunderlist:66 - Content Type =text/html; charset=utf-8
2019-10-31 12:51:33 INFO  Wunderlist:45 - check_responsetime
2019-10-31 12:51:33 INFO  Wunderlist:47 - Response Time =1852
2019-10-31 12:51:33 INFO  Wunderlist:36 - check_statuscode
2019-10-31 12:51:33 INFO  Wunderlist:38 - Status Code =404
2019-10-31 12:51:33 INFO  Wunderlist:55 - check_statusline
2019-10-31 12:51:33 INFO  Wunderlist:57 - Status Line =HTTP/1.1 404 Not Found
2019-10-31 12:51:33 INFO  Wunderlist:27 - check_response
2019-10-31 12:51:33 INFO  Wunderlist:29 - Response =<!DOCTYPE html>
<html>
<head>
  <title>The page you were looking for doesn't exist (404)</title>
  <style>
  body {
    background-color: #EFEFEF;
    color: #2E2F30;
    text-align: center;
    font-family: arial, sans-serif;
  }

  div.dialog {
    width: 25em;
    margin: 4em auto 0 auto;
    border: 1px solid #CCC;
    border-right-color: #999;
    border-left-color: #999;
    border-bottom-color: #BBB;
    border-top: #B00100 solid 4px;
    border-top-left-radius: 9px;
    border-top-right-radius: 9px;
    background-color: white;
    padding: 7px 4em 0 4em;
  }

  h1 {
    font-size: 100%;
    color: #730E15;
    line-height: 1.5em;
  }

  body > p {
    width: 33em;
    margin: 0 auto 1em;
    padding: 1em 0;
    background-color: #F7F7F7;
    border: 1px solid #CCC;
    border-right-color: #999;
    border-bottom-color: #999;
    border-bottom-left-radius: 4px;
    border-bottom-right-radius: 4px;
    border-top-color: #DADADA;
    color: #666;
    box-shadow:0 3px 8px rgba(50, 50, 50, 0.17);
  }
  </style>
</head>

<body>
  <!-- This file lives in public/404.html -->
  <div class="dialog">
    <h1>The page you were looking for doesn't exist.</h1>
    <p>You may have mistyped the address or the page may have moved.</p>
  </div>
  <p>If you are the application owner check the logs for more information.</p>
</body>
</html>

2019-10-31 12:51:33 INFO  Wunderlist:72 - stop_all_info
2019-10-31 12:54:22 INFO  Wunderlist:17 - get_all_info
2019-10-31 12:54:29 INFO  Wunderlist:56 - check_content_type
2019-10-31 12:54:29 INFO  Wunderlist:58 - Content Type =text/html; charset=utf-8
2019-10-31 12:54:29 INFO  Wunderlist:45 - check_responsetime
2019-10-31 12:54:29 INFO  Wunderlist:47 - Response Time =6401
2019-10-31 12:54:29 INFO  Wunderlist:36 - check_statuscode
2019-10-31 12:54:29 INFO  Wunderlist:38 - Status Code =404
2019-10-31 12:54:30 INFO  Wunderlist:27 - check_response
2019-10-31 12:54:30 INFO  Wunderlist:29 - Response =<!DOCTYPE html>
<html>
<head>
  <title>The page you were looking for doesn't exist (404)</title>
  <style>
  body {
    background-color: #EFEFEF;
    color: #2E2F30;
    text-align: center;
    font-family: arial, sans-serif;
  }

  div.dialog {
    width: 25em;
    margin: 4em auto 0 auto;
    border: 1px solid #CCC;
    border-right-color: #999;
    border-left-color: #999;
    border-bottom-color: #BBB;
    border-top: #B00100 solid 4px;
    border-top-left-radius: 9px;
    border-top-right-radius: 9px;
    background-color: white;
    padding: 7px 4em 0 4em;
  }

  h1 {
    font-size: 100%;
    color: #730E15;
    line-height: 1.5em;
  }

  body > p {
    width: 33em;
    margin: 0 auto 1em;
    padding: 1em 0;
    background-color: #F7F7F7;
    border: 1px solid #CCC;
    border-right-color: #999;
    border-bottom-color: #999;
    border-bottom-left-radius: 4px;
    border-bottom-right-radius: 4px;
    border-top-color: #DADADA;
    color: #666;
    box-shadow:0 3px 8px rgba(50, 50, 50, 0.17);
  }
  </style>
</head>

<body>
  <!-- This file lives in public/404.html -->
  <div class="dialog">
    <h1>The page you were looking for doesn't exist.</h1>
    <p>You may have mistyped the address or the page may have moved.</p>
  </div>
  <p>If you are the application owner check the logs for more information.</p>
</body>
</html>

2019-10-31 12:54:30 INFO  Wunderlist:64 - stop_all_info
2019-10-31 15:48:19 INFO  Wunderlist:17 - get_all_info
2019-10-31 15:48:22 INFO  Wunderlist:55 - check_content_type
2019-10-31 15:48:22 INFO  Wunderlist:57 - Content Type =text/html; charset=utf-8
2019-10-31 15:48:22 INFO  Wunderlist:45 - check_responsetime
2019-10-31 15:48:22 INFO  Wunderlist:47 - Response Time =2025
2019-10-31 15:48:22 INFO  Wunderlist:36 - check_statuscode
2019-10-31 15:48:22 INFO  Wunderlist:38 - Status Code =404
2019-10-31 15:48:22 INFO  Wunderlist:27 - check_response
2019-10-31 15:48:22 INFO  Wunderlist:29 - Response =<!DOCTYPE html>
<html>
<head>
  <title>The page you were looking for doesn't exist (404)</title>
  <style>
  body {
    background-color: #EFEFEF;
    color: #2E2F30;
    text-align: center;
    font-family: arial, sans-serif;
  }

  div.dialog {
    width: 25em;
    margin: 4em auto 0 auto;
    border: 1px solid #CCC;
    border-right-color: #999;
    border-left-color: #999;
    border-bottom-color: #BBB;
    border-top: #B00100 solid 4px;
    border-top-left-radius: 9px;
    border-top-right-radius: 9px;
    background-color: white;
    padding: 7px 4em 0 4em;
  }

  h1 {
    font-size: 100%;
    color: #730E15;
    line-height: 1.5em;
  }

  body > p {
    width: 33em;
    margin: 0 auto 1em;
    padding: 1em 0;
    background-color: #F7F7F7;
    border: 1px solid #CCC;
    border-right-color: #999;
    border-bottom-color: #999;
    border-bottom-left-radius: 4px;
    border-bottom-right-radius: 4px;
    border-top-color: #DADADA;
    color: #666;
    box-shadow:0 3px 8px rgba(50, 50, 50, 0.17);
  }
  </style>
</head>

<body>
  <!-- This file lives in public/404.html -->
  <div class="dialog">
    <h1>The page you were looking for doesn't exist.</h1>
    <p>You may have mistyped the address or the page may have moved.</p>
  </div>
  <p>If you are the application owner check the logs for more information.</p>
</body>
</html>

2019-10-31 15:48:22 INFO  Wunderlist:63 - stop_all_info
2019-10-31 16:30:22 INFO  Wunderlist:21 - response
2019-10-31 16:30:26 INFO  Wunderlist:59 - check_content_type
2019-10-31 16:30:26 INFO  Wunderlist:61 - Content Type =text/html; charset=utf-8
2019-10-31 16:30:26 INFO  Wunderlist:31 - check_response
2019-10-31 16:30:26 INFO  Wunderlist:33 - Response =<!DOCTYPE html>
<html>
<head>
  <title>The page you were looking for doesn't exist (404)</title>
  <style>
  body {
    background-color: #EFEFEF;
    color: #2E2F30;
    text-align: center;
    font-family: arial, sans-serif;
  }

  div.dialog {
    width: 25em;
    margin: 4em auto 0 auto;
    border: 1px solid #CCC;
    border-right-color: #999;
    border-left-color: #999;
    border-bottom-color: #BBB;
    border-top: #B00100 solid 4px;
    border-top-left-radius: 9px;
    border-top-right-radius: 9px;
    background-color: white;
    padding: 7px 4em 0 4em;
  }

  h1 {
    font-size: 100%;
    color: #730E15;
    line-height: 1.5em;
  }

  body > p {
    width: 33em;
    margin: 0 auto 1em;
    padding: 1em 0;
    background-color: #F7F7F7;
    border: 1px solid #CCC;
    border-right-color: #999;
    border-bottom-color: #999;
    border-bottom-left-radius: 4px;
    border-bottom-right-radius: 4px;
    border-top-color: #DADADA;
    color: #666;
    box-shadow:0 3px 8px rgba(50, 50, 50, 0.17);
  }
  </style>
</head>

<body>
  <!-- This file lives in public/404.html -->
  <div class="dialog">
    <h1>The page you were looking for doesn't exist.</h1>
    <p>You may have mistyped the address or the page may have moved.</p>
  </div>
  <p>If you are the application owner check the logs for more information.</p>
</body>
</html>

2019-10-31 16:30:26 INFO  Wunderlist:50 - check_responsetime
2019-10-31 16:30:26 INFO  Wunderlist:52 - Response Time =3324
2019-10-31 16:30:26 INFO  Wunderlist:41 - check_statuscode
2019-10-31 16:30:26 INFO  Wunderlist:43 - Status Code =404
2019-10-31 16:30:26 INFO  Wunderlist:67 - stop_all_info
2019-10-31 16:49:34 INFO  Wunderlist:15 - get_all_info
2019-10-31 16:49:41 INFO  Wunderlist:25 - check_response
2019-10-31 16:49:41 INFO  Wunderlist:27 - Response =<!DOCTYPE html>
<html>
<head>
  <title>The page you were looking for doesn't exist (404)</title>
  <style>
  body {
    background-color: #EFEFEF;
    color: #2E2F30;
    text-align: center;
    font-family: arial, sans-serif;
  }

  div.dialog {
    width: 25em;
    margin: 4em auto 0 auto;
    border: 1px solid #CCC;
    border-right-color: #999;
    border-left-color: #999;
    border-bottom-color: #BBB;
    border-top: #B00100 solid 4px;
    border-top-left-radius: 9px;
    border-top-right-radius: 9px;
    background-color: white;
    padding: 7px 4em 0 4em;
  }

  h1 {
    font-size: 100%;
    color: #730E15;
    line-height: 1.5em;
  }

  body > p {
    width: 33em;
    margin: 0 auto 1em;
    padding: 1em 0;
    background-color: #F7F7F7;
    border: 1px solid #CCC;
    border-right-color: #999;
    border-bottom-color: #999;
    border-bottom-left-radius: 4px;
    border-bottom-right-radius: 4px;
    border-top-color: #DADADA;
    color: #666;
    box-shadow:0 3px 8px rgba(50, 50, 50, 0.17);
  }
  </style>
</head>

<body>
  <!-- This file lives in public/404.html -->
  <div class="dialog">
    <h1>The page you were looking for doesn't exist.</h1>
    <p>You may have mistyped the address or the page may have moved.</p>
  </div>
  <p>If you are the application owner check the logs for more information.</p>
</body>
</html>

2019-10-31 16:50:25 INFO  Wunderlist:13 - get_all_info
2019-10-31 16:50:32 INFO  Wunderlist:23 - check_response
2019-10-31 16:50:32 INFO  Wunderlist:25 - Response =<!DOCTYPE html>
<html>
<head>
  <title>The page you were looking for doesn't exist (404)</title>
  <style>
  body {
    background-color: #EFEFEF;
    color: #2E2F30;
    text-align: center;
    font-family: arial, sans-serif;
  }

  div.dialog {
    width: 25em;
    margin: 4em auto 0 auto;
    border: 1px solid #CCC;
    border-right-color: #999;
    border-left-color: #999;
    border-bottom-color: #BBB;
    border-top: #B00100 solid 4px;
    border-top-left-radius: 9px;
    border-top-right-radius: 9px;
    background-color: white;
    padding: 7px 4em 0 4em;
  }

  h1 {
    font-size: 100%;
    color: #730E15;
    line-height: 1.5em;
  }

  body > p {
    width: 33em;
    margin: 0 auto 1em;
    padding: 1em 0;
    background-color: #F7F7F7;
    border: 1px solid #CCC;
    border-right-color: #999;
    border-bottom-color: #999;
    border-bottom-left-radius: 4px;
    border-bottom-right-radius: 4px;
    border-top-color: #DADADA;
    color: #666;
    box-shadow:0 3px 8px rgba(50, 50, 50, 0.17);
  }
  </style>
</head>

<body>
  <!-- This file lives in public/404.html -->
  <div class="dialog">
    <h1>The page you were looking for doesn't exist.</h1>
    <p>You may have mistyped the address or the page may have moved.</p>
  </div>
  <p>If you are the application owner check the logs for more information.</p>
</body>
</html>

2019-10-31 17:03:14 INFO  Wunderlist:13 - get_all_info
2019-10-31 17:45:43 INFO  Wunderlist:13 - get_all_info
2019-10-31 17:49:01 INFO  Wunderlist:13 - get_all_info
2019-10-31 17:49:25 INFO  Wunderlist:13 - get_all_info
2019-10-31 17:50:50 INFO  Wunderlist:13 - get_all_info
2019-10-31 17:50:54 INFO  Wunderlist:23 - check_response
2019-10-31 17:50:54 INFO  Wunderlist:25 - Response =<!DOCTYPE html>
<html>
<head>
  <title>The page you were looking for doesn't exist (404)</title>
  <style>
  body {
    background-color: #EFEFEF;
    color: #2E2F30;
    text-align: center;
    font-family: arial, sans-serif;
  }

  div.dialog {
    width: 25em;
    margin: 4em auto 0 auto;
    border: 1px solid #CCC;
    border-right-color: #999;
    border-left-color: #999;
    border-bottom-color: #BBB;
    border-top: #B00100 solid 4px;
    border-top-left-radius: 9px;
    border-top-right-radius: 9px;
    background-color: white;
    padding: 7px 4em 0 4em;
  }

  h1 {
    font-size: 100%;
    color: #730E15;
    line-height: 1.5em;
  }

  body > p {
    width: 33em;
    margin: 0 auto 1em;
    padding: 1em 0;
    background-color: #F7F7F7;
    border: 1px solid #CCC;
    border-right-color: #999;
    border-bottom-color: #999;
    border-bottom-left-radius: 4px;
    border-bottom-right-radius: 4px;
    border-top-color: #DADADA;
    color: #666;
    box-shadow:0 3px 8px rgba(50, 50, 50, 0.17);
  }
  </style>
</head>

<body>
  <!-- This file lives in public/404.html -->
  <div class="dialog">
    <h1>The page you were looking for doesn't exist.</h1>
    <p>You may have mistyped the address or the page may have moved.</p>
  </div>
  <p>If you are the application owner check the logs for more information.</p>
</body>
</html>

2019-10-31 17:58:55 INFO  Wunderlist:13 - get_all_info
2019-10-31 18:02:22 INFO  Wunderlist:13 - get_all_info
2019-10-31 18:03:23 INFO  Wunderlist:13 - get_all_info
2019-10-31 18:06:47 INFO  Wunderlist:13 - get_all_info
2019-10-31 18:07:00 INFO  Wunderlist:23 - check_response
2019-10-31 18:07:00 INFO  Wunderlist:25 - Response =<!DOCTYPE html>
<html>
<head>
  <title>The page you were looking for doesn't exist (404)</title>
  <style>
  body {
    background-color: #EFEFEF;
    color: #2E2F30;
    text-align: center;
    font-family: arial, sans-serif;
  }

  div.dialog {
    width: 25em;
    margin: 4em auto 0 auto;
    border: 1px solid #CCC;
    border-right-color: #999;
    border-left-color: #999;
    border-bottom-color: #BBB;
    border-top: #B00100 solid 4px;
    border-top-left-radius: 9px;
    border-top-right-radius: 9px;
    background-color: white;
    padding: 7px 4em 0 4em;
  }

  h1 {
    font-size: 100%;
    color: #730E15;
    line-height: 1.5em;
  }

  body > p {
    width: 33em;
    margin: 0 auto 1em;
    padding: 1em 0;
    background-color: #F7F7F7;
    border: 1px solid #CCC;
    border-right-color: #999;
    border-bottom-color: #999;
    border-bottom-left-radius: 4px;
    border-bottom-right-radius: 4px;
    border-top-color: #DADADA;
    color: #666;
    box-shadow:0 3px 8px rgba(50, 50, 50, 0.17);
  }
  </style>
</head>

<body>
  <!-- This file lives in public/404.html -->
  <div class="dialog">
    <h1>The page you were looking for doesn't exist.</h1>
    <p>You may have mistyped the address or the page may have moved.</p>
  </div>
  <p>If you are the application owner check the logs for more information.</p>
</body>
</html>

2019-10-31 18:07:13 INFO  Wunderlist:13 - get_all_info
2019-10-31 18:31:50 INFO  Wunderlist:13 - get_all_info
2019-10-31 18:32:55 INFO  Wunderlist:13 - get_all_info
2019-10-31 18:37:51 INFO  Wunderlist:13 - get_all_info
2019-10-31 18:37:56 INFO  Wunderlist:23 - check_response
2019-10-31 18:37:56 INFO  Wunderlist:25 - Response =<!DOCTYPE html>
<html>
<head>
  <title>The page you were looking for doesn't exist (404)</title>
  <style>
  body {
    background-color: #EFEFEF;
    color: #2E2F30;
    text-align: center;
    font-family: arial, sans-serif;
  }

  div.dialog {
    width: 25em;
    margin: 4em auto 0 auto;
    border: 1px solid #CCC;
    border-right-color: #999;
    border-left-color: #999;
    border-bottom-color: #BBB;
    border-top: #B00100 solid 4px;
    border-top-left-radius: 9px;
    border-top-right-radius: 9px;
    background-color: white;
    padding: 7px 4em 0 4em;
  }

  h1 {
    font-size: 100%;
    color: #730E15;
    line-height: 1.5em;
  }

  body > p {
    width: 33em;
    margin: 0 auto 1em;
    padding: 1em 0;
    background-color: #F7F7F7;
    border: 1px solid #CCC;
    border-right-color: #999;
    border-bottom-color: #999;
    border-bottom-left-radius: 4px;
    border-bottom-right-radius: 4px;
    border-top-color: #DADADA;
    color: #666;
    box-shadow:0 3px 8px rgba(50, 50, 50, 0.17);
  }
  </style>
</head>

<body>
  <!-- This file lives in public/404.html -->
  <div class="dialog">
    <h1>The page you were looking for doesn't exist.</h1>
    <p>You may have mistyped the address or the page may have moved.</p>
  </div>
  <p>If you are the application owner check the logs for more information.</p>
</body>
</html>

2019-10-31 18:41:38 INFO  Wunderlist:13 - get_all_info
2019-10-31 18:44:01 INFO  Wunderlist:13 - get_all_info
2019-11-01 10:41:47 INFO  Wunderlist:13 - get_all_info
2019-11-01 10:41:51 INFO  Wunderlist:23 - check_response
2019-11-01 10:41:51 INFO  Wunderlist:25 - Response =<!DOCTYPE html>
<html>
<head>
  <title>The page you were looking for doesn't exist (404)</title>
  <style>
  body {
    background-color: #EFEFEF;
    color: #2E2F30;
    text-align: center;
    font-family: arial, sans-serif;
  }

  div.dialog {
    width: 25em;
    margin: 4em auto 0 auto;
    border: 1px solid #CCC;
    border-right-color: #999;
    border-left-color: #999;
    border-bottom-color: #BBB;
    border-top: #B00100 solid 4px;
    border-top-left-radius: 9px;
    border-top-right-radius: 9px;
    background-color: white;
    padding: 7px 4em 0 4em;
  }

  h1 {
    font-size: 100%;
    color: #730E15;
    line-height: 1.5em;
  }

  body > p {
    width: 33em;
    margin: 0 auto 1em;
    padding: 1em 0;
    background-color: #F7F7F7;
    border: 1px solid #CCC;
    border-right-color: #999;
    border-bottom-color: #999;
    border-bottom-left-radius: 4px;
    border-bottom-right-radius: 4px;
    border-top-color: #DADADA;
    color: #666;
    box-shadow:0 3px 8px rgba(50, 50, 50, 0.17);
  }
  </style>
</head>

<body>
  <!-- This file lives in public/404.html -->
  <div class="dialog">
    <h1>The page you were looking for doesn't exist.</h1>
    <p>You may have mistyped the address or the page may have moved.</p>
  </div>
  <p>If you are the application owner check the logs for more information.</p>
</body>
</html>

2019-11-01 11:06:30 INFO  Wunderlist:14 - get_all_info
2019-11-01 11:26:39 INFO  Wunderlist:18 - response
2019-11-01 11:27:21 INFO  Wunderlist:14 - get_all_info
2019-11-01 11:27:38 INFO  Wunderlist:13 - get_all_info
2019-11-01 11:27:55 INFO  Wunderlist:13 - get_all_info
2019-11-01 11:27:58 INFO  Wunderlist:23 - check_response
2019-11-01 11:27:58 INFO  Wunderlist:25 - Response =<!DOCTYPE html>
<html>
<head>
  <title>The page you were looking for doesn't exist (404)</title>
  <style>
  body {
    background-color: #EFEFEF;
    color: #2E2F30;
    text-align: center;
    font-family: arial, sans-serif;
  }

  div.dialog {
    width: 25em;
    margin: 4em auto 0 auto;
    border: 1px solid #CCC;
    border-right-color: #999;
    border-left-color: #999;
    border-bottom-color: #BBB;
    border-top: #B00100 solid 4px;
    border-top-left-radius: 9px;
    border-top-right-radius: 9px;
    background-color: white;
    padding: 7px 4em 0 4em;
  }

  h1 {
    font-size: 100%;
    color: #730E15;
    line-height: 1.5em;
  }

  body > p {
    width: 33em;
    margin: 0 auto 1em;
    padding: 1em 0;
    background-color: #F7F7F7;
    border: 1px solid #CCC;
    border-right-color: #999;
    border-bottom-color: #999;
    border-bottom-left-radius: 4px;
    border-bottom-right-radius: 4px;
    border-top-color: #DADADA;
    color: #666;
    box-shadow:0 3px 8px rgba(50, 50, 50, 0.17);
  }
  </style>
</head>

<body>
  <!-- This file lives in public/404.html -->
  <div class="dialog">
    <h1>The page you were looking for doesn't exist.</h1>
    <p>You may have mistyped the address or the page may have moved.</p>
  </div>
  <p>If you are the application owner check the logs for more information.</p>
</body>
</html>

2019-11-01 11:28:14 INFO  Wunderlist:18 - response
2019-11-01 11:30:47 INFO  Wunderlist:18 - response
2019-11-01 11:33:41 INFO  Wunderlist:18 - response
2019-11-01 11:34:45 INFO  Wunderlist:18 - response
2019-11-01 11:35:35 INFO  Wunderlist:18 - response
2019-11-01 11:35:40 INFO  Wunderlist:29 - check_response
2019-11-01 11:35:40 INFO  Wunderlist:31 - Response =<!DOCTYPE html>
<html>
<head>
  <title>The page you were looking for doesn't exist (404)</title>
  <style>
  body {
    background-color: #EFEFEF;
    color: #2E2F30;
    text-align: center;
    font-family: arial, sans-serif;
  }

  div.dialog {
    width: 25em;
    margin: 4em auto 0 auto;
    border: 1px solid #CCC;
    border-right-color: #999;
    border-left-color: #999;
    border-bottom-color: #BBB;
    border-top: #B00100 solid 4px;
    border-top-left-radius: 9px;
    border-top-right-radius: 9px;
    background-color: white;
    padding: 7px 4em 0 4em;
  }

  h1 {
    font-size: 100%;
    color: #730E15;
    line-height: 1.5em;
  }

  body > p {
    width: 33em;
    margin: 0 auto 1em;
    padding: 1em 0;
    background-color: #F7F7F7;
    border: 1px solid #CCC;
    border-right-color: #999;
    border-bottom-color: #999;
    border-bottom-left-radius: 4px;
    border-bottom-right-radius: 4px;
    border-top-color: #DADADA;
    color: #666;
    box-shadow:0 3px 8px rgba(50, 50, 50, 0.17);
  }
  </style>
</head>

<body>
  <!-- This file lives in public/404.html -->
  <div class="dialog">
    <h1>The page you were looking for doesn't exist.</h1>
    <p>You may have mistyped the address or the page may have moved.</p>
  </div>
  <p>If you are the application owner check the logs for more information.</p>
</body>
</html>

2019-11-01 11:35:50 INFO  Wunderlist:13 - get_all_info
2019-11-01 11:42:40 INFO  Wunderlist:18 - get_all_info
2019-11-01 12:57:49 INFO  Wunderlist:14 - get_all_lists
2019-11-01 12:57:52 INFO  Wunderlist:25 - create_lists
2019-11-01 12:57:54 INFO  Wunderlist:36 - create_task
2019-11-01 12:57:56 INFO  Wunderlist:47 - put_list
2019-11-01 12:57:58 INFO  Wunderlist:58 - patch_list
2019-11-01 12:58:00 INFO  Wunderlist:69 - delete_list
2019-11-01 13:05:29 INFO  Wunderlist:14 - get_all_lists
2019-11-01 13:05:32 INFO  Wunderlist:36 - create_lists
2019-11-01 13:05:34 INFO  Wunderlist:47 - create_task
2019-11-01 13:05:36 INFO  Wunderlist:58 - put_list
2019-11-01 13:05:38 INFO  Wunderlist:69 - patch_list
2019-11-01 13:05:40 INFO  Wunderlist:80 - delete_list
2019-11-01 13:13:03 INFO  Wunderlist:14 - get_all_lists
2019-11-01 13:13:06 INFO  Wunderlist:36 - create_lists
2019-11-01 13:13:08 INFO  Wunderlist:47 - create_task
2019-11-01 13:13:10 INFO  Wunderlist:58 - put_list
2019-11-01 13:13:12 INFO  Wunderlist:69 - patch_list
2019-11-01 13:13:14 INFO  Wunderlist:80 - delete_list
2019-11-01 13:20:14 INFO  Wunderlist:14 - get_all_lists
2019-11-01 13:20:16 INFO  Wunderlist:36 - create_lists
2019-11-01 13:20:18 INFO  Wunderlist:47 - create_task
2019-11-01 13:20:20 INFO  Wunderlist:58 - put_list
2019-11-01 13:20:23 INFO  Wunderlist:69 - patch_list
2019-11-01 13:20:25 INFO  Wunderlist:80 - delete_list
2019-11-01 13:23:11 INFO  Wunderlist:14 - get_all_lists
2019-11-01 13:23:14 INFO  Wunderlist:36 - create_lists
2019-11-01 13:23:16 INFO  Wunderlist:47 - create_task
2019-11-01 13:23:19 INFO  Wunderlist:58 - put_list
2019-11-01 13:23:21 INFO  Wunderlist:69 - patch_list
2019-11-01 13:23:23 INFO  Wunderlist:80 - delete_list
2019-11-01 13:26:29 INFO  Wunderlist:14 - get_all_lists
2019-11-01 13:26:36 INFO  Wunderlist:36 - create_lists
2019-11-01 13:26:38 INFO  Wunderlist:47 - create_task
2019-11-01 13:26:40 INFO  Wunderlist:58 - put_list
2019-11-01 13:26:42 INFO  Wunderlist:69 - patch_list
2019-11-01 13:26:44 INFO  Wunderlist:80 - delete_list
2019-11-01 13:28:27 INFO  Wunderlist:14 - get_all_lists
2019-11-01 13:28:29 INFO  Wunderlist:36 - create_lists
2019-11-01 13:28:31 INFO  Wunderlist:47 - create_task
2019-11-01 13:28:34 INFO  Wunderlist:58 - put_list
2019-11-01 13:28:36 INFO  Wunderlist:69 - patch_list
2019-11-01 13:28:38 INFO  Wunderlist:80 - delete_list
2019-11-01 13:31:02 INFO  Wunderlist:14 - get_all_lists
2019-11-01 13:31:04 INFO  Wunderlist:36 - create_lists
2019-11-01 13:31:07 INFO  Wunderlist:47 - create_task
2019-11-01 13:31:09 INFO  Wunderlist:58 - put_list
2019-11-01 13:31:11 INFO  Wunderlist:69 - patch_list
2019-11-01 13:31:13 INFO  Wunderlist:80 - delete_list
2019-11-01 13:36:33 INFO  Wunderlist:14 - get_all_lists
2019-11-01 13:36:36 INFO  Wunderlist:36 - create_lists
2019-11-01 13:36:40 INFO  Wunderlist:47 - create_task
2019-11-01 13:36:42 INFO  Wunderlist:58 - put_list
2019-11-01 13:36:44 INFO  Wunderlist:69 - patch_list
2019-11-01 13:36:47 INFO  Wunderlist:80 - delete_list
2019-11-01 15:08:41 INFO  Wunderlist:14 - get_all_lists
2019-11-01 15:08:44 INFO  Wunderlist:36 - create_lists
2019-11-01 15:08:46 INFO  Wunderlist:47 - create_task
2019-11-01 15:08:49 INFO  Wunderlist:58 - put_list
2019-11-01 15:08:51 INFO  Wunderlist:69 - patch_list
2019-11-01 15:08:53 INFO  Wunderlist:80 - delete_list
2019-11-01 15:11:02 INFO  Wunderlist:14 - get_all_lists
2019-11-01 15:11:05 INFO  Wunderlist:36 - create_lists
2019-11-01 15:11:07 INFO  Wunderlist:47 - create_task
2019-11-01 15:11:09 INFO  Wunderlist:58 - put_list
2019-11-01 15:11:11 INFO  Wunderlist:69 - patch_list
2019-11-01 15:11:13 INFO  Wunderlist:80 - delete_list
2019-11-01 15:13:18 INFO  Wunderlist:14 - get_all_lists
2019-11-01 15:13:21 INFO  Wunderlist:36 - create_lists
2019-11-01 15:13:23 INFO  Wunderlist:47 - create_task
2019-11-01 15:13:26 INFO  Wunderlist:58 - put_list
2019-11-01 15:13:28 INFO  Wunderlist:69 - patch_list
2019-11-01 15:13:31 INFO  Wunderlist:80 - delete_list
2019-11-01 15:14:09 INFO  Wunderlist:14 - get_all_lists
2019-11-01 15:14:12 INFO  Wunderlist:36 - create_lists
2019-11-01 15:14:14 INFO  Wunderlist:47 - create_task
2019-11-01 15:14:17 INFO  Wunderlist:58 - put_list
2019-11-01 15:14:19 INFO  Wunderlist:69 - patch_list
2019-11-01 15:14:22 INFO  Wunderlist:80 - delete_list
2019-11-01 15:15:56 INFO  Wunderlist:14 - get_all_lists
2019-11-01 15:15:58 INFO  Wunderlist:25 - specific_lists
2019-11-01 15:16:00 INFO  Wunderlist:36 - create_lists
2019-11-01 15:16:03 INFO  Wunderlist:47 - create_task
2019-11-01 15:16:05 INFO  Wunderlist:58 - put_list
2019-11-01 15:16:07 INFO  Wunderlist:69 - patch_list
2019-11-01 15:16:09 INFO  Wunderlist:80 - delete_list
2019-11-01 15:16:51 INFO  Wunderlist:14 - get_all_lists
2019-11-01 15:16:53 INFO  Wunderlist:25 - specific_lists
2019-11-01 15:16:55 INFO  Wunderlist:33 - create_lists
2019-11-01 15:16:58 INFO  Wunderlist:44 - create_task
2019-11-01 15:17:00 INFO  Wunderlist:55 - put_list
2019-11-01 15:17:03 INFO  Wunderlist:66 - patch_list
2019-11-01 15:17:05 INFO  Wunderlist:77 - delete_list
2019-11-01 15:37:50 INFO  Wunderlist:14 - get_all_lists
2019-11-01 15:37:52 INFO  Wunderlist:25 - specific_lists
2019-11-01 15:37:54 INFO  Wunderlist:33 - create_lists
2019-11-01 15:37:57 INFO  Wunderlist:44 - create_task
2019-11-01 15:37:59 INFO  Wunderlist:55 - put_list
2019-11-01 15:38:01 INFO  Wunderlist:66 - patch_list
2019-11-01 15:38:03 INFO  Wunderlist:77 - patch_list
2019-11-01 15:38:04 INFO  Wunderlist:87 - patch_list
2019-11-01 15:44:30 INFO  Wunderlist:14 - get_all_lists
2019-11-01 15:44:33 INFO  Wunderlist:25 - specific_lists
2019-11-01 15:44:35 INFO  Wunderlist:33 - create_lists
2019-11-01 15:44:37 INFO  Wunderlist:44 - create_task
2019-11-01 15:44:39 INFO  Wunderlist:55 - put_list
2019-11-01 15:44:42 INFO  Wunderlist:66 - patch_list
2019-11-01 15:44:45 INFO  Wunderlist:87 - patch_list
2019-11-01 15:44:48 INFO  Wunderlist:98 - delete_list
2019-11-01 15:54:16 INFO  Wunderlist:14 - get_all_lists
2019-11-01 15:54:19 INFO  Wunderlist:25 - specific_lists
2019-11-01 15:54:20 INFO  Wunderlist:33 - create_lists
2019-11-01 15:54:23 INFO  Wunderlist:44 - create_task
2019-11-01 15:54:25 INFO  Wunderlist:55 - put_list
2019-11-01 15:54:27 INFO  Wunderlist:66 - patch_list
2019-11-01 15:54:31 INFO  Wunderlist:87 - patch_list
2019-11-01 15:54:33 INFO  Wunderlist:98 - delete_list
2019-11-01 16:14:23 INFO  Wunderlist:14 - get_all_lists
2019-11-01 16:14:25 INFO  Wunderlist:25 - specific_lists
2019-11-01 16:14:27 INFO  Wunderlist:33 - create_lists
2019-11-01 16:14:29 INFO  Wunderlist:44 - create_task
2019-11-01 16:14:31 INFO  Wunderlist:55 - put_list
2019-11-01 16:14:34 INFO  Wunderlist:66 - patch_list
2019-11-01 16:14:37 INFO  Wunderlist:87 - patch_list
2019-11-01 16:14:39 INFO  Wunderlist:98 - delete_list
2019-11-01 16:20:58 INFO  Wunderlist:14 - get_all_lists
2019-11-01 16:21:00 INFO  Wunderlist:25 - specific_lists
2019-11-01 16:21:01 INFO  Wunderlist:33 - create_lists
2019-11-01 16:21:04 INFO  Wunderlist:44 - create_task
2019-11-01 16:21:06 INFO  Wunderlist:55 - put_list
2019-11-01 16:21:08 INFO  Wunderlist:66 - patch_list
2019-11-01 16:21:11 INFO  Wunderlist:77 - patch_list
2019-11-01 16:21:12 INFO  Wunderlist:84 - patch_list
2019-11-01 16:21:14 INFO  Wunderlist:95 - delete_list
2019-11-01 16:22:47 INFO  Wunderlist:14 - get_all_lists
2019-11-01 16:22:50 INFO  Wunderlist:25 - specific_lists
2019-11-01 16:22:51 INFO  Wunderlist:33 - create_lists
2019-11-01 16:22:54 INFO  Wunderlist:44 - create_task
2019-11-01 16:22:56 INFO  Wunderlist:55 - put_list
2019-11-01 16:22:58 INFO  Wunderlist:66 - patch_list
2019-11-01 16:23:01 INFO  Wunderlist:77 - patch_list
2019-11-01 16:23:02 INFO  Wunderlist:84 - patch_list
2019-11-01 16:23:04 INFO  Wunderlist:95 - delete_list
2019-11-01 16:24:24 INFO  Wunderlist:14 - get_all_lists
2019-11-01 16:24:27 INFO  Wunderlist:25 - specific_lists
2019-11-01 16:24:29 INFO  Wunderlist:33 - create_lists
2019-11-01 16:24:31 INFO  Wunderlist:44 - create_task
2019-11-01 16:24:33 INFO  Wunderlist:55 - put_list
2019-11-01 16:24:36 INFO  Wunderlist:66 - patch_list
2019-11-01 16:24:38 INFO  Wunderlist:77 - patch_list
2019-11-01 16:24:39 INFO  Wunderlist:84 - patch_list
2019-11-01 16:24:42 INFO  Wunderlist:95 - delete_list
2019-11-01 16:30:45 INFO  Wunderlist:14 - get_all_lists
2019-11-01 16:30:47 INFO  Wunderlist:25 - specific_lists
2019-11-01 16:30:50 INFO  Wunderlist:33 - create_lists
2019-11-01 16:30:52 INFO  Wunderlist:44 - create_task
2019-11-01 16:30:55 INFO  Wunderlist:55 - put_list
2019-11-01 16:30:57 INFO  Wunderlist:66 - patch_list
2019-11-01 16:31:00 INFO  Wunderlist:77 - patch_list
2019-11-01 16:31:01 INFO  Wunderlist:84 - patch_list
2019-11-01 16:31:03 INFO  Wunderlist:95 - delete_list
2019-11-01 16:34:34 INFO  Wunderlist:14 - get_all_lists
2019-11-01 16:34:37 INFO  Wunderlist:25 - specific_lists
2019-11-01 16:34:38 INFO  Wunderlist:33 - create_lists
2019-11-01 16:34:42 INFO  Wunderlist:55 - put_list
2019-11-01 16:34:45 INFO  Wunderlist:66 - patch_list
2019-11-01 16:34:47 INFO  Wunderlist:77 - patch_list
2019-11-01 16:34:49 INFO  Wunderlist:84 - patch_list
2019-11-01 16:34:51 INFO  Wunderlist:95 - delete_list
2019-11-01 16:35:32 INFO  Wunderlist:14 - get_all_lists
2019-11-01 16:35:34 INFO  Wunderlist:25 - specific_lists
2019-11-01 16:35:36 INFO  Wunderlist:33 - create_lists
2019-11-01 16:35:38 INFO  Wunderlist:44 - create_task
2019-11-01 16:35:41 INFO  Wunderlist:55 - put_list
2019-11-01 16:35:43 INFO  Wunderlist:66 - patch_list
2019-11-01 16:35:45 INFO  Wunderlist:77 - patch_list
2019-11-01 16:35:47 INFO  Wunderlist:84 - patch_list
2019-11-01 16:35:49 INFO  Wunderlist:95 - delete_list
2019-11-01 16:37:54 INFO  Wunderlist:14 - get_all_lists
2019-11-01 16:37:56 INFO  Wunderlist:25 - specific_lists
2019-11-01 16:37:58 INFO  Wunderlist:33 - create_lists
2019-11-01 16:38:01 INFO  Wunderlist:44 - create_task
2019-11-01 16:38:03 INFO  Wunderlist:55 - put_list
2019-11-01 16:38:05 INFO  Wunderlist:66 - patch_list
2019-11-01 16:38:08 INFO  Wunderlist:77 - patch_list
2019-11-01 16:38:09 INFO  Wunderlist:84 - patch_list
2019-11-01 16:38:11 INFO  Wunderlist:95 - delete_list
2019-11-01 16:38:14 INFO  Wunderlist:106 - delete_task
2019-11-01 17:00:35 INFO  Wunderlist:14 - get_all_lists
2019-11-01 17:00:37 INFO  Wunderlist:25 - specific_lists
2019-11-01 17:00:38 INFO  Wunderlist:33 - create_lists
2019-11-01 17:00:41 INFO  Wunderlist:44 - create_task
2019-11-01 17:00:43 INFO  Wunderlist:55 - put_list
2019-11-01 17:00:46 INFO  Wunderlist:66 - patch_list
2019-11-01 17:00:48 INFO  Wunderlist:77 - patch_list
2019-11-01 17:00:50 INFO  Wunderlist:84 - patch_list
2019-11-01 17:00:52 INFO  Wunderlist:95 - delete_list
2019-11-01 17:00:54 INFO  Wunderlist:106 - delete_task
2019-11-01 17:51:46 INFO  Wunderlist:14 - get_all_lists
2019-11-01 17:51:48 INFO  Wunderlist:25 - specific_lists
2019-11-01 17:51:50 INFO  Wunderlist:33 - create_lists
2019-11-01 17:51:53 INFO  Wunderlist:44 - create_task
2019-11-01 17:51:55 INFO  Wunderlist:55 - put_list
2019-11-01 17:51:58 INFO  Wunderlist:66 - patch_list
2019-11-01 17:52:00 INFO  Wunderlist:77 - patch_list
2019-11-01 17:52:01 INFO  Wunderlist:84 - patch_list
2019-11-01 17:52:03 INFO  Wunderlist:95 - delete_list
2019-11-01 17:52:06 INFO  Wunderlist:106 - delete_task
2019-11-01 17:55:44 INFO  Wunderlist:14 - get_all_lists
2019-11-01 17:55:47 INFO  Wunderlist:25 - specific_lists
2019-11-01 17:55:49 INFO  Wunderlist:33 - create_lists
2019-11-01 17:55:51 INFO  Wunderlist:44 - create_task
2019-11-01 17:55:53 INFO  Wunderlist:55 - put_list
2019-11-01 17:55:56 INFO  Wunderlist:66 - patch_list
2019-11-01 17:55:58 INFO  Wunderlist:77 - patch_list
2019-11-01 17:55:59 INFO  Wunderlist:84 - patch_list
2019-11-01 17:56:02 INFO  Wunderlist:95 - delete_list
2019-11-01 17:56:04 INFO  Wunderlist:106 - delete_task
2019-11-01 17:58:27 INFO  Wunderlist:15 - get_all_lists
2019-11-01 17:58:29 INFO  Wunderlist:26 - specific_lists
2019-11-01 17:58:31 INFO  Wunderlist:34 - create_lists
2019-11-01 17:58:34 INFO  Wunderlist:45 - create_task
2019-11-01 17:58:36 INFO  Wunderlist:56 - put_list
2019-11-01 17:58:38 INFO  Wunderlist:67 - patch_list
2019-11-01 17:58:40 INFO  Wunderlist:78 - patch_list
2019-11-01 17:58:42 INFO  Wunderlist:85 - patch_list
2019-11-01 17:58:44 INFO  Wunderlist:96 - delete_list
2019-11-01 17:58:47 INFO  Wunderlist:107 - delete_task
2019-11-01 18:05:29 INFO  Wunderlist:17 - get_all_lists
2019-11-01 18:05:31 INFO  Wunderlist:28 - specific_lists
2019-11-01 18:05:33 INFO  Wunderlist:36 - create_lists
2019-11-01 18:05:35 INFO  Wunderlist:47 - create_task
2019-11-01 18:05:38 INFO  Wunderlist:58 - put_list
2019-11-01 18:05:40 INFO  Wunderlist:69 - patch_list
2019-11-01 18:05:42 INFO  Wunderlist:80 - patch_list
2019-11-01 18:05:43 INFO  Wunderlist:87 - patch_list
2019-11-01 18:05:45 INFO  Wunderlist:98 - delete_list
2019-11-01 18:05:48 INFO  Wunderlist:109 - delete_task
